#
# A fatal error has been detected by the Java Runtime Environment:
#
#  SIGSEGV (0xb) at pc=0x0000000105e03864, pid=8881, tid=6403
#
# JRE version: Java(TM) SE Runtime Environment (15.0.2+7) (build 15.0.2+7-27)
# Java VM: Java HotSpot(TM) 64-Bit Server VM (15.0.2+7-27, mixed mode, sharing, tiered, compressed oops, g1 gc, bsd-amd64)
# Problematic frame:
# V  [libjvm.dylib+0x3864]  AccessInternal::PostRuntimeDispatch<G1BarrierSet::AccessBarrier<548980ull, G1BarrierSet>, (AccessInternal::BarrierType)2, 548980ull>::oop_access_barrier(void*)+0x4
#
# No core dump will be written. Core dumps have been disabled. To enable core dumping, try "ulimit -c unlimited" before starting Java again
#
# If you would like to submit a bug report, please visit:
#   https://bugreport.java.com/bugreport/crash.jsp
#

---------------  S U M M A R Y ------------

Command Line: -Dfile.encoding=UTF-8 org.apache.catalina.startup.Tomcat$1

Host: MacBookPro14,2 x86_64 3100 MHz, 4 cores, 8G, Darwin 19.6.0
Time: Sun May  2 01:41:33 2021 CST elapsed time: 0.222351 seconds (0d 0h 0m 0s)

---------------  T H R E A D  ---------------

Current thread (0x00007f89e1008a00):  JavaThread "main" [_thread_in_vm, id=6403, stack(0x000070000fbcb000,0x000070000fccb000)]

Stack: [0x000070000fbcb000,0x000070000fccb000],  sp=0x000070000fccadf0,  free space=1023k
Native frames: (J=compiled Java code, A=aot compiled Java code, j=interpreted, Vv=VM code, C=native code)
V  [libjvm.dylib+0x3864]  AccessInternal::PostRuntimeDispatch<G1BarrierSet::AccessBarrier<548980ull, G1BarrierSet>, (AccessInternal::BarrierType)2, 548980ull>::oop_access_barrier(void*)+0x4
V  [libjvm.dylib+0x517425]  jni_GetStringUTFChars+0xc5
C  [libjli.dylib+0x79ed]  PostJVMInit+0xad
C  [libjli.dylib+0x4ed8]  JavaMain+0xbb8
C  [libjli.dylib+0x7659]  ThreadJavaMain+0x9
C  [libsystem_pthread.dylib+0x6109]  _pthread_start+0x94
C  [libsystem_pthread.dylib+0x1b8b]  thread_start+0xf


siginfo: si_signo: 11 (SIGSEGV), si_code: 1 (SEGV_MAPERR), si_addr: 0x0000000000000000

Register to memory mapping:

RAX=0x000000010551f000 points into unknown readable memory: 0x0000000000000000 | 00 00 00 00 00 00 00 00
RBX=0x0 is NULL
RCX=0x00000001069b8f70: jni_NativeInterface+0 in /Library/Java/JavaVirtualMachines/jdk-15.0.2.jdk/Contents/Home/lib/server/libjvm.dylib at 0x0000000105e00000
RDX=0x0 is NULL
RSP=0x000070000fccadf0 is pointing into the stack for thread: 0x00007f89e1008a00
RBP=0x000070000fccadf0 is pointing into the stack for thread: 0x00007f89e1008a00
RSI=0x0 is NULL
RDI=0x0 is NULL
R8 ={method} {0x000000080000e2b8} 'getCanonicalName' '()Ljava/lang/String;' in 'java/lang/Class'
R9 =0x00007f89def06f50 points into unknown readable memory: 0x000000080000e2b8 | b8 e2 00 00 08 00 00 00
R10=0x0000000106a371c0: _ZN19TemplateInterpreter13_active_tableE+0x4800 in /Library/Java/JavaVirtualMachines/jdk-15.0.2.jdk/Contents/Home/lib/server/libjvm.dylib at 0x0000000105e00000
R11=0x0 is NULL
R12=0x00007f89e1008a00 is a thread
R13=0x0 is NULL
R14=0x0 is NULL
R15=0x0 is NULL


Registers:
RAX=0x000000010551f000, RBX=0x0000000000000000, RCX=0x00000001069b8f70, RDX=0x0000000000000000
RSP=0x000070000fccadf0, RBP=0x000070000fccadf0, RSI=0x0000000000000000, RDI=0x0000000000000000
R8 =0x000000080000e2b8, R9 =0x00007f89def06f50, R10=0x0000000106a371c0, R11=0x0000000000000000
R12=0x00007f89e1008a00, R13=0x0000000000000000, R14=0x0000000000000000, R15=0x0000000000000000
RIP=0x0000000105e03864, EFLAGS=0x0000000000010246, ERR=0x0000000000000004
  TRAPNO=0x000000000000000e

Top of Stack: (sp=0x000070000fccadf0)
0x000070000fccadf0:   000070000fccae80 0000000106317425
0x000070000fccae00:   00007f89e1008a00 0000000000000000
0x000070000fccae10:   00000001054f6b92 00000001054f6b81
0x000070000fccae20:   c36f300488c100b8 00007f89e1008d28
0x000070000fccae30:   00007f89e1008a00 0000000000000000
0x000070000fccae40:   0000000000000000 00007f89e1008a00
0x000070000fccae50:   000070000fccae80 00007f89e1008d28
0x000070000fccae60:   00007f89def08208 0000000000000000
0x000070000fccae70:   0000000000000000 00007f89def08200
0x000070000fccae80:   000070000fccaf10 00000001054f29ed
0x000070000fccae90:   00007f89e1008d28 00007f89e1008a00
0x000070000fccaea0:   000070000fccaed0 000000010630424f
0x000070000fccaeb0:   c36f300488c100b8 00007f89def081e8
0x000070000fccaec0:   00007f89def08208 0000000000000000
0x000070000fccaed0:   00007f89e1008d28 00007f89e1008a00
0x000070000fccaee0:   000070000fccaf10 c36f300488c100b8
0x000070000fccaef0:   00007f89def081e8 00007f89def08208
0x000070000fccaf00:   00007f89def08218 00007f89def08200
0x000070000fccaf10:   000070000fccafa0 00000001054efed8
0x000070000fccaf20:   0000000000000000 0005c1483d3df5ad
0x000070000fccaf30:   0000000400010002 00007f89dee06a70
0x000070000fccaf40:   0000000000000000 0000000000000000
0x000070000fccaf50:   00007f89ded0d5b8 0000000000000001
0x000070000fccaf60:   00007f89ded0d560 00007f89e1008d28
0x000070000fccaf70:   00000001069b8f68 000070000fccb000
0x000070000fccaf80:   0000000000000000 0000000000000000
0x000070000fccaf90:   0000000000000000 0000000000000000
0x000070000fccafa0:   000070000fccafb0 00000001054f2659
0x000070000fccafb0:   000070000fccafd0 00007fff6a235109
0x000070000fccafc0:   0000000000000000 0000000000000000
0x000070000fccafd0:   000070000fccaff0 00007fff6a230b8b
0x000070000fccafe0:   0000000000000000 0000000000000000 

Instructions: (pc=0x0000000105e03864)
0x0000000105e03764:   ff 0b 73 0e 48 63 c7 48 8d 0d 2e 8b ae 00 8b 04
0x0000000105e03774:   81 c3 55 48 89 e5 48 8d 3d 93 a0 a6 00 be 9c 00
0x0000000105e03784:   00 00 e8 a5 be 2f 00 e8 40 4c 82 00 31 c0 5d c3
0x0000000105e03794:   66 66 66 2e 0f 1f 84 00 00 00 00 00 55 48 89 e5
0x0000000105e037a4:   48 8b 47 08 0f b7 48 32 0f b7 40 30 8d 44 01 19
0x0000000105e037b4:   5d c3 66 2e 0f 1f 84 00 00 00 00 00 55 48 89 e5
0x0000000105e037c4:   53 50 48 89 fb 48 8d 0d 68 58 c1 00 48 8d 05 49
0x0000000105e037d4:   9f be 00 48 8b 00 8b 40 10 ff c8 80 39 00 74 10
0x0000000105e037e4:   83 f8 04 73 1f 48 98 48 8d 0d ee e0 b0 00 eb 0e
0x0000000105e037f4:   83 f8 04 73 0f 48 98 48 8d 0d fe e0 b0 00 48 8b
0x0000000105e03804:   04 c1 eb 21 48 8d 3d 3c a0 a6 00 48 8d 15 65 a0
0x0000000105e03814:   a6 00 be e8 00 00 00 31 c0 e8 0e bc 2f 00 e8 a9
0x0000000105e03824:   4b 82 00 31 c0 48 89 05 00 1f bb 00 48 89 df 48
0x0000000105e03834:   83 c4 08 5b 5d ff e0 0f 1f 44 00 00 55 48 89 e5
0x0000000105e03844:   48 8b 07 5d c3 0f 1f 80 00 00 00 00 55 48 89 e5
0x0000000105e03854:   48 8b 07 5d c3 0f 1f 80 00 00 00 00 55 48 89 e5
0x0000000105e03864:   48 8b 07 5d c3 0f 1f 80 00 00 00 00 55 48 89 e5
0x0000000105e03874:   41 57 41 56 53 50 49 89 fe 49 8b 1e 4c 8d 3d b1
0x0000000105e03884:   74 c4 00 49 85 1f 74 3c 48 89 df e8 0c 3e a3 00
0x0000000105e03894:   48 89 c1 48 85 c9 74 29 48 89 d8 f0 49 0f b1 0e
0x0000000105e038a4:   48 89 c2 48 39 da 74 19 0f 1f 40 00 49 85 17 74
0x0000000105e038b4:   10 48 89 d0 f0 49 0f b1 0e 48 39 d0 48 89 c2 75
0x0000000105e038c4:   eb 48 89 cb 48 89 d8 48 83 c4 08 5b 41 5e 41 5f
0x0000000105e038d4:   5d c3 66 2e 0f 1f 84 00 00 00 00 00 55 48 89 e5
0x0000000105e038e4:   48 8b 07 5d c3 0f 1f 80 00 00 00 00 55 48 89 e5
0x0000000105e038f4:   48 8b 07 5d c3 0f 1f 80 00 00 00 00 55 48 89 e5
0x0000000105e03904:   48 8b 07 5d c3 0f 1f 80 00 00 00 00 55 48 89 e5
0x0000000105e03914:   41 57 41 56 53 50 49 89 fe 49 8b 1e 4c 8d 3d 11
0x0000000105e03924:   74 c4 00 49 85 1f 74 3c 48 89 df e8 6c 3d a3 00
0x0000000105e03934:   48 89 c1 48 85 c9 74 29 48 89 d8 f0 49 0f b1 0e
0x0000000105e03944:   48 89 c2 48 39 da 74 19 0f 1f 40 00 49 85 17 74
0x0000000105e03954:   10 48 89 d0 f0 49 0f b1 0e 48 39 d0 48 89 c2 75 


Stack slot to memory mapping:
stack at sp + 0 slots: 0x000070000fccae80 is pointing into the stack for thread: 0x00007f89e1008a00
stack at sp + 1 slots: 0x0000000106317425: jni_GetStringUTFChars+0xc5 in /Library/Java/JavaVirtualMachines/jdk-15.0.2.jdk/Contents/Home/lib/server/libjvm.dylib at 0x0000000105e00000
stack at sp + 2 slots: 0x00007f89e1008a00 is a thread
stack at sp + 3 slots: 0x0 is NULL
stack at sp + 4 slots: 0x00000001054f6b92: JLI_WildcardExpandClasspath+0x2282 in /Library/Java/JavaVirtualMachines/jdk-15.0.2.jdk/Contents/Home/lib/libjli.dylib at 0x00000001054eb000
stack at sp + 5 slots: 0x00000001054f6b81: JLI_WildcardExpandClasspath+0x2271 in /Library/Java/JavaVirtualMachines/jdk-15.0.2.jdk/Contents/Home/lib/libjli.dylib at 0x00000001054eb000
stack at sp + 6 slots: 0xc36f300488c100b8 is an unknown value
stack at sp + 7 slots: 0x00007f89e1008d28 points into unknown readable memory: 0x00000001069b8f70 | 70 8f 9b 06 01 00 00 00


---------------  P R O C E S S  ---------------

Threads class SMR info:
_java_thread_list=0x00007f89dec04260, length=10, elements={
0x00007f89e1008a00, 0x00007f89df008200, 0x00007f89df863800, 0x00007f89e0038200,
0x00007f89e003aa00, 0x00007f89e003b000, 0x00007f89df013e00, 0x00007f89df00d600,
0x00007f89e003b600, 0x00007f89df861600
}

Java Threads: ( => current thread )
=>0x00007f89e1008a00 JavaThread "main" [_thread_in_vm, id=6403, stack(0x000070000fbcb000,0x000070000fccb000)]
  0x00007f89df008200 JavaThread "Reference Handler" daemon [_thread_blocked, id=19459, stack(0x00007000102e0000,0x00007000103e0000)]
  0x00007f89df863800 JavaThread "Finalizer" daemon [_thread_blocked, id=18691, stack(0x00007000103e3000,0x00007000104e3000)]
  0x00007f89e0038200 JavaThread "Signal Dispatcher" daemon [_thread_blocked, id=43011, stack(0x00007000105ec000,0x00007000106ec000)]
  0x00007f89e003aa00 JavaThread "Service Thread" daemon [_thread_blocked, id=42499, stack(0x00007000106ef000,0x00007000107ef000)]
  0x00007f89e003b000 JavaThread "C2 CompilerThread0" daemon [_thread_blocked, id=24579, stack(0x00007000107f2000,0x00007000108f2000)]
  0x00007f89df013e00 JavaThread "C1 CompilerThread0" daemon [_thread_blocked, id=25091, stack(0x00007000108f5000,0x00007000109f5000)]
  0x00007f89df00d600 JavaThread "Sweeper thread" daemon [_thread_blocked, id=41731, stack(0x00007000109f8000,0x0000700010af8000)]
  0x00007f89e003b600 JavaThread "Notification Thread" daemon [_thread_blocked, id=26115, stack(0x0000700010afb000,0x0000700010bfb000)]
  0x00007f89df861600 JavaThread "Common-Cleaner" daemon [_thread_blocked, id=26883, stack(0x0000700010d01000,0x0000700010e01000)]

Other Threads:
  0x00007f89def12a20 VMThread "VM Thread" [stack: 0x00007000101dd000,0x00007000102dd000] [id=20227]
  0x00007f89dee26f00 WatcherThread [stack: 0x0000700010bfe000,0x0000700010cfe000] [id=26371]
  0x00007f89dee0e910 GCTaskThread "GC Thread#0" [stack: 0x000070000fcce000,0x000070000fdce000] [id=13315]
  0x00007f89def0b720 ConcurrentGCThread "G1 Main Marker" [stack: 0x000070000fdd1000,0x000070000fed1000] [id=13827]
  0x00007f89def0c930 ConcurrentGCThread "G1 Conc#0" [stack: 0x000070000fed4000,0x000070000ffd4000] [id=14595]
  0x00007f89ded2d4e0 ConcurrentGCThread "G1 Refine#0" [stack: 0x000070000ffd7000,0x00007000100d7000] [id=15363]
  0x00007f89ded2e670 ConcurrentGCThread "G1 Young RemSet Sampling" [stack: 0x00007000100da000,0x00007000101da000] [id=15875]

Threads with active compile tasks:

VM state: not at safepoint (normal execution)

VM Mutex/Monitor currently owned by a thread: None

Heap address: 0x0000000780000000, size: 2048 MB, Compressed Oops mode: Zero based, Oop shift amount: 3
CDS archive(s) mapped at: [0x0000000800000000-0x0000000800b2d000-0x0000000800b2d000), size 11718656, SharedBaseAddress: 0x0000000800000000, ArchiveRelocationMode: 0.
Compressed class space mapped at: 0x0000000800b30000-0x0000000840b30000, size: 1073741824
Narrow klass base: 0x0000000800000000, Narrow klass shift: 3, Narrow klass range: 0x100000000

GC Precious Log:
 CPUs: 4 total, 4 available
 Memory: 8192M
 Large Page Support: Disabled
 NUMA Support: Disabled
 Compressed Oops: Enabled (Zero based)
 Heap Region Size: 1M
 Heap Min Capacity: 8M
 Heap Initial Capacity: 128M
 Heap Max Capacity: 2G
 Pre-touch: Disabled
 Parallel Workers: 4
 Concurrent Workers: 1
 Concurrent Refinement Workers: 4
 Periodic GC: Disabled

Heap:
 garbage-first heap   total 133120K, used 1832K [0x0000000780000000, 0x0000000800000000)
  region size 1024K, 2 young (2048K), 0 survivors (0K)
 Metaspace       used 617K, capacity 4928K, committed 5120K, reserved 1056768K
  class space    used 43K, capacity 428K, committed 512K, reserved 1048576K

Heap Regions: E=young(eden), S=young(survivor), O=old, HS=humongous(starts), HC=humongous(continues), CS=collection set, F=free, OA=open archive, CA=closed archive, TAMS=top-at-mark-start (previous, next)
|   0|0x0000000780000000, 0x0000000780000000, 0x0000000780100000|  0%| F|  |TAMS 0x0000000780000000, 0x0000000780000000| Untracked 
|   1|0x0000000780100000, 0x0000000780100000, 0x0000000780200000|  0%| F|  |TAMS 0x0000000780100000, 0x0000000780100000| Untracked 
|   2|0x0000000780200000, 0x0000000780200000, 0x0000000780300000|  0%| F|  |TAMS 0x0000000780200000, 0x0000000780200000| Untracked 
|   3|0x0000000780300000, 0x0000000780300000, 0x0000000780400000|  0%| F|  |TAMS 0x0000000780300000, 0x0000000780300000| Untracked 
|   4|0x0000000780400000, 0x0000000780400000, 0x0000000780500000|  0%| F|  |TAMS 0x0000000780400000, 0x0000000780400000| Untracked 
|   5|0x0000000780500000, 0x0000000780500000, 0x0000000780600000|  0%| F|  |TAMS 0x0000000780500000, 0x0000000780500000| Untracked 
|   6|0x0000000780600000, 0x0000000780600000, 0x0000000780700000|  0%| F|  |TAMS 0x0000000780600000, 0x0000000780600000| Untracked 
|   7|0x0000000780700000, 0x0000000780700000, 0x0000000780800000|  0%| F|  |TAMS 0x0000000780700000, 0x0000000780700000| Untracked 
|   8|0x0000000780800000, 0x0000000780800000, 0x0000000780900000|  0%| F|  |TAMS 0x0000000780800000, 0x0000000780800000| Untracked 
|   9|0x0000000780900000, 0x0000000780900000, 0x0000000780a00000|  0%| F|  |TAMS 0x0000000780900000, 0x0000000780900000| Untracked 
|  10|0x0000000780a00000, 0x0000000780a00000, 0x0000000780b00000|  0%| F|  |TAMS 0x0000000780a00000, 0x0000000780a00000| Untracked 
|  11|0x0000000780b00000, 0x0000000780b00000, 0x0000000780c00000|  0%| F|  |TAMS 0x0000000780b00000, 0x0000000780b00000| Untracked 
|  12|0x0000000780c00000, 0x0000000780c00000, 0x0000000780d00000|  0%| F|  |TAMS 0x0000000780c00000, 0x0000000780c00000| Untracked 
|  13|0x0000000780d00000, 0x0000000780d00000, 0x0000000780e00000|  0%| F|  |TAMS 0x0000000780d00000, 0x0000000780d00000| Untracked 
|  14|0x0000000780e00000, 0x0000000780e00000, 0x0000000780f00000|  0%| F|  |TAMS 0x0000000780e00000, 0x0000000780e00000| Untracked 
|  15|0x0000000780f00000, 0x0000000780f00000, 0x0000000781000000|  0%| F|  |TAMS 0x0000000780f00000, 0x0000000780f00000| Untracked 
|  16|0x0000000781000000, 0x0000000781000000, 0x0000000781100000|  0%| F|  |TAMS 0x0000000781000000, 0x0000000781000000| Untracked 
|  17|0x0000000781100000, 0x0000000781100000, 0x0000000781200000|  0%| F|  |TAMS 0x0000000781100000, 0x0000000781100000| Untracked 
|  18|0x0000000781200000, 0x0000000781200000, 0x0000000781300000|  0%| F|  |TAMS 0x0000000781200000, 0x0000000781200000| Untracked 
|  19|0x0000000781300000, 0x0000000781300000, 0x0000000781400000|  0%| F|  |TAMS 0x0000000781300000, 0x0000000781300000| Untracked 
|  20|0x0000000781400000, 0x0000000781400000, 0x0000000781500000|  0%| F|  |TAMS 0x0000000781400000, 0x0000000781400000| Untracked 
|  21|0x0000000781500000, 0x0000000781500000, 0x0000000781600000|  0%| F|  |TAMS 0x0000000781500000, 0x0000000781500000| Untracked 
|  22|0x0000000781600000, 0x0000000781600000, 0x0000000781700000|  0%| F|  |TAMS 0x0000000781600000, 0x0000000781600000| Untracked 
|  23|0x0000000781700000, 0x0000000781700000, 0x0000000781800000|  0%| F|  |TAMS 0x0000000781700000, 0x0000000781700000| Untracked 
|  24|0x0000000781800000, 0x0000000781800000, 0x0000000781900000|  0%| F|  |TAMS 0x0000000781800000, 0x0000000781800000| Untracked 
|  25|0x0000000781900000, 0x0000000781900000, 0x0000000781a00000|  0%| F|  |TAMS 0x0000000781900000, 0x0000000781900000| Untracked 
|  26|0x0000000781a00000, 0x0000000781a00000, 0x0000000781b00000|  0%| F|  |TAMS 0x0000000781a00000, 0x0000000781a00000| Untracked 
|  27|0x0000000781b00000, 0x0000000781b00000, 0x0000000781c00000|  0%| F|  |TAMS 0x0000000781b00000, 0x0000000781b00000| Untracked 
|  28|0x0000000781c00000, 0x0000000781c00000, 0x0000000781d00000|  0%| F|  |TAMS 0x0000000781c00000, 0x0000000781c00000| Untracked 
|  29|0x0000000781d00000, 0x0000000781d00000, 0x0000000781e00000|  0%| F|  |TAMS 0x0000000781d00000, 0x0000000781d00000| Untracked 
|  30|0x0000000781e00000, 0x0000000781e00000, 0x0000000781f00000|  0%| F|  |TAMS 0x0000000781e00000, 0x0000000781e00000| Untracked 
|  31|0x0000000781f00000, 0x0000000781f00000, 0x0000000782000000|  0%| F|  |TAMS 0x0000000781f00000, 0x0000000781f00000| Untracked 
|  32|0x0000000782000000, 0x0000000782000000, 0x0000000782100000|  0%| F|  |TAMS 0x0000000782000000, 0x0000000782000000| Untracked 
|  33|0x0000000782100000, 0x0000000782100000, 0x0000000782200000|  0%| F|  |TAMS 0x0000000782100000, 0x0000000782100000| Untracked 
|  34|0x0000000782200000, 0x0000000782200000, 0x0000000782300000|  0%| F|  |TAMS 0x0000000782200000, 0x0000000782200000| Untracked 
|  35|0x0000000782300000, 0x0000000782300000, 0x0000000782400000|  0%| F|  |TAMS 0x0000000782300000, 0x0000000782300000| Untracked 
|  36|0x0000000782400000, 0x0000000782400000, 0x0000000782500000|  0%| F|  |TAMS 0x0000000782400000, 0x0000000782400000| Untracked 
|  37|0x0000000782500000, 0x0000000782500000, 0x0000000782600000|  0%| F|  |TAMS 0x0000000782500000, 0x0000000782500000| Untracked 
|  38|0x0000000782600000, 0x0000000782600000, 0x0000000782700000|  0%| F|  |TAMS 0x0000000782600000, 0x0000000782600000| Untracked 
|  39|0x0000000782700000, 0x0000000782700000, 0x0000000782800000|  0%| F|  |TAMS 0x0000000782700000, 0x0000000782700000| Untracked 
|  40|0x0000000782800000, 0x0000000782800000, 0x0000000782900000|  0%| F|  |TAMS 0x0000000782800000, 0x0000000782800000| Untracked 
|  41|0x0000000782900000, 0x0000000782900000, 0x0000000782a00000|  0%| F|  |TAMS 0x0000000782900000, 0x0000000782900000| Untracked 
|  42|0x0000000782a00000, 0x0000000782a00000, 0x0000000782b00000|  0%| F|  |TAMS 0x0000000782a00000, 0x0000000782a00000| Untracked 
|  43|0x0000000782b00000, 0x0000000782b00000, 0x0000000782c00000|  0%| F|  |TAMS 0x0000000782b00000, 0x0000000782b00000| Untracked 
|  44|0x0000000782c00000, 0x0000000782c00000, 0x0000000782d00000|  0%| F|  |TAMS 0x0000000782c00000, 0x0000000782c00000| Untracked 
|  45|0x0000000782d00000, 0x0000000782d00000, 0x0000000782e00000|  0%| F|  |TAMS 0x0000000782d00000, 0x0000000782d00000| Untracked 
|  46|0x0000000782e00000, 0x0000000782e00000, 0x0000000782f00000|  0%| F|  |TAMS 0x0000000782e00000, 0x0000000782e00000| Untracked 
|  47|0x0000000782f00000, 0x0000000782f00000, 0x0000000783000000|  0%| F|  |TAMS 0x0000000782f00000, 0x0000000782f00000| Untracked 
|  48|0x0000000783000000, 0x0000000783000000, 0x0000000783100000|  0%| F|  |TAMS 0x0000000783000000, 0x0000000783000000| Untracked 
|  49|0x0000000783100000, 0x0000000783100000, 0x0000000783200000|  0%| F|  |TAMS 0x0000000783100000, 0x0000000783100000| Untracked 
|  50|0x0000000783200000, 0x0000000783200000, 0x0000000783300000|  0%| F|  |TAMS 0x0000000783200000, 0x0000000783200000| Untracked 
|  51|0x0000000783300000, 0x0000000783300000, 0x0000000783400000|  0%| F|  |TAMS 0x0000000783300000, 0x0000000783300000| Untracked 
|  52|0x0000000783400000, 0x0000000783400000, 0x0000000783500000|  0%| F|  |TAMS 0x0000000783400000, 0x0000000783400000| Untracked 
|  53|0x0000000783500000, 0x0000000783500000, 0x0000000783600000|  0%| F|  |TAMS 0x0000000783500000, 0x0000000783500000| Untracked 
|  54|0x0000000783600000, 0x0000000783600000, 0x0000000783700000|  0%| F|  |TAMS 0x0000000783600000, 0x0000000783600000| Untracked 
|  55|0x0000000783700000, 0x0000000783700000, 0x0000000783800000|  0%| F|  |TAMS 0x0000000783700000, 0x0000000783700000| Untracked 
|  56|0x0000000783800000, 0x0000000783800000, 0x0000000783900000|  0%| F|  |TAMS 0x0000000783800000, 0x0000000783800000| Untracked 
|  57|0x0000000783900000, 0x0000000783900000, 0x0000000783a00000|  0%| F|  |TAMS 0x0000000783900000, 0x0000000783900000| Untracked 
|  58|0x0000000783a00000, 0x0000000783a00000, 0x0000000783b00000|  0%| F|  |TAMS 0x0000000783a00000, 0x0000000783a00000| Untracked 
|  59|0x0000000783b00000, 0x0000000783b00000, 0x0000000783c00000|  0%| F|  |TAMS 0x0000000783b00000, 0x0000000783b00000| Untracked 
|  60|0x0000000783c00000, 0x0000000783c00000, 0x0000000783d00000|  0%| F|  |TAMS 0x0000000783c00000, 0x0000000783c00000| Untracked 
|  61|0x0000000783d00000, 0x0000000783d00000, 0x0000000783e00000|  0%| F|  |TAMS 0x0000000783d00000, 0x0000000783d00000| Untracked 
|  62|0x0000000783e00000, 0x0000000783e00000, 0x0000000783f00000|  0%| F|  |TAMS 0x0000000783e00000, 0x0000000783e00000| Untracked 
|  63|0x0000000783f00000, 0x0000000783f00000, 0x0000000784000000|  0%| F|  |TAMS 0x0000000783f00000, 0x0000000783f00000| Untracked 
|  64|0x0000000784000000, 0x0000000784000000, 0x0000000784100000|  0%| F|  |TAMS 0x0000000784000000, 0x0000000784000000| Untracked 
|  65|0x0000000784100000, 0x0000000784100000, 0x0000000784200000|  0%| F|  |TAMS 0x0000000784100000, 0x0000000784100000| Untracked 
|  66|0x0000000784200000, 0x0000000784200000, 0x0000000784300000|  0%| F|  |TAMS 0x0000000784200000, 0x0000000784200000| Untracked 
|  67|0x0000000784300000, 0x0000000784300000, 0x0000000784400000|  0%| F|  |TAMS 0x0000000784300000, 0x0000000784300000| Untracked 
|  68|0x0000000784400000, 0x0000000784400000, 0x0000000784500000|  0%| F|  |TAMS 0x0000000784400000, 0x0000000784400000| Untracked 
|  69|0x0000000784500000, 0x0000000784500000, 0x0000000784600000|  0%| F|  |TAMS 0x0000000784500000, 0x0000000784500000| Untracked 
|  70|0x0000000784600000, 0x0000000784600000, 0x0000000784700000|  0%| F|  |TAMS 0x0000000784600000, 0x0000000784600000| Untracked 
|  71|0x0000000784700000, 0x0000000784700000, 0x0000000784800000|  0%| F|  |TAMS 0x0000000784700000, 0x0000000784700000| Untracked 
|  72|0x0000000784800000, 0x0000000784800000, 0x0000000784900000|  0%| F|  |TAMS 0x0000000784800000, 0x0000000784800000| Untracked 
|  73|0x0000000784900000, 0x0000000784900000, 0x0000000784a00000|  0%| F|  |TAMS 0x0000000784900000, 0x0000000784900000| Untracked 
|  74|0x0000000784a00000, 0x0000000784a00000, 0x0000000784b00000|  0%| F|  |TAMS 0x0000000784a00000, 0x0000000784a00000| Untracked 
|  75|0x0000000784b00000, 0x0000000784b00000, 0x0000000784c00000|  0%| F|  |TAMS 0x0000000784b00000, 0x0000000784b00000| Untracked 
|  76|0x0000000784c00000, 0x0000000784c00000, 0x0000000784d00000|  0%| F|  |TAMS 0x0000000784c00000, 0x0000000784c00000| Untracked 
|  77|0x0000000784d00000, 0x0000000784d00000, 0x0000000784e00000|  0%| F|  |TAMS 0x0000000784d00000, 0x0000000784d00000| Untracked 
|  78|0x0000000784e00000, 0x0000000784e00000, 0x0000000784f00000|  0%| F|  |TAMS 0x0000000784e00000, 0x0000000784e00000| Untracked 
|  79|0x0000000784f00000, 0x0000000784f00000, 0x0000000785000000|  0%| F|  |TAMS 0x0000000784f00000, 0x0000000784f00000| Untracked 
|  80|0x0000000785000000, 0x0000000785000000, 0x0000000785100000|  0%| F|  |TAMS 0x0000000785000000, 0x0000000785000000| Untracked 
|  81|0x0000000785100000, 0x0000000785100000, 0x0000000785200000|  0%| F|  |TAMS 0x0000000785100000, 0x0000000785100000| Untracked 
|  82|0x0000000785200000, 0x0000000785200000, 0x0000000785300000|  0%| F|  |TAMS 0x0000000785200000, 0x0000000785200000| Untracked 
|  83|0x0000000785300000, 0x0000000785300000, 0x0000000785400000|  0%| F|  |TAMS 0x0000000785300000, 0x0000000785300000| Untracked 
|  84|0x0000000785400000, 0x0000000785400000, 0x0000000785500000|  0%| F|  |TAMS 0x0000000785400000, 0x0000000785400000| Untracked 
|  85|0x0000000785500000, 0x0000000785500000, 0x0000000785600000|  0%| F|  |TAMS 0x0000000785500000, 0x0000000785500000| Untracked 
|  86|0x0000000785600000, 0x0000000785600000, 0x0000000785700000|  0%| F|  |TAMS 0x0000000785600000, 0x0000000785600000| Untracked 
|  87|0x0000000785700000, 0x0000000785700000, 0x0000000785800000|  0%| F|  |TAMS 0x0000000785700000, 0x0000000785700000| Untracked 
|  88|0x0000000785800000, 0x0000000785800000, 0x0000000785900000|  0%| F|  |TAMS 0x0000000785800000, 0x0000000785800000| Untracked 
|  89|0x0000000785900000, 0x0000000785900000, 0x0000000785a00000|  0%| F|  |TAMS 0x0000000785900000, 0x0000000785900000| Untracked 
|  90|0x0000000785a00000, 0x0000000785a00000, 0x0000000785b00000|  0%| F|  |TAMS 0x0000000785a00000, 0x0000000785a00000| Untracked 
|  91|0x0000000785b00000, 0x0000000785b00000, 0x0000000785c00000|  0%| F|  |TAMS 0x0000000785b00000, 0x0000000785b00000| Untracked 
|  92|0x0000000785c00000, 0x0000000785c00000, 0x0000000785d00000|  0%| F|  |TAMS 0x0000000785c00000, 0x0000000785c00000| Untracked 
|  93|0x0000000785d00000, 0x0000000785d00000, 0x0000000785e00000|  0%| F|  |TAMS 0x0000000785d00000, 0x0000000785d00000| Untracked 
|  94|0x0000000785e00000, 0x0000000785e00000, 0x0000000785f00000|  0%| F|  |TAMS 0x0000000785e00000, 0x0000000785e00000| Untracked 
|  95|0x0000000785f00000, 0x0000000785f00000, 0x0000000786000000|  0%| F|  |TAMS 0x0000000785f00000, 0x0000000785f00000| Untracked 
|  96|0x0000000786000000, 0x0000000786000000, 0x0000000786100000|  0%| F|  |TAMS 0x0000000786000000, 0x0000000786000000| Untracked 
|  97|0x0000000786100000, 0x0000000786100000, 0x0000000786200000|  0%| F|  |TAMS 0x0000000786100000, 0x0000000786100000| Untracked 
|  98|0x0000000786200000, 0x0000000786200000, 0x0000000786300000|  0%| F|  |TAMS 0x0000000786200000, 0x0000000786200000| Untracked 
|  99|0x0000000786300000, 0x0000000786300000, 0x0000000786400000|  0%| F|  |TAMS 0x0000000786300000, 0x0000000786300000| Untracked 
| 100|0x0000000786400000, 0x0000000786400000, 0x0000000786500000|  0%| F|  |TAMS 0x0000000786400000, 0x0000000786400000| Untracked 
| 101|0x0000000786500000, 0x0000000786500000, 0x0000000786600000|  0%| F|  |TAMS 0x0000000786500000, 0x0000000786500000| Untracked 
| 102|0x0000000786600000, 0x0000000786600000, 0x0000000786700000|  0%| F|  |TAMS 0x0000000786600000, 0x0000000786600000| Untracked 
| 103|0x0000000786700000, 0x0000000786700000, 0x0000000786800000|  0%| F|  |TAMS 0x0000000786700000, 0x0000000786700000| Untracked 
| 104|0x0000000786800000, 0x0000000786800000, 0x0000000786900000|  0%| F|  |TAMS 0x0000000786800000, 0x0000000786800000| Untracked 
| 105|0x0000000786900000, 0x0000000786900000, 0x0000000786a00000|  0%| F|  |TAMS 0x0000000786900000, 0x0000000786900000| Untracked 
| 106|0x0000000786a00000, 0x0000000786a00000, 0x0000000786b00000|  0%| F|  |TAMS 0x0000000786a00000, 0x0000000786a00000| Untracked 
| 107|0x0000000786b00000, 0x0000000786b00000, 0x0000000786c00000|  0%| F|  |TAMS 0x0000000786b00000, 0x0000000786b00000| Untracked 
| 108|0x0000000786c00000, 0x0000000786c00000, 0x0000000786d00000|  0%| F|  |TAMS 0x0000000786c00000, 0x0000000786c00000| Untracked 
| 109|0x0000000786d00000, 0x0000000786d00000, 0x0000000786e00000|  0%| F|  |TAMS 0x0000000786d00000, 0x0000000786d00000| Untracked 
| 110|0x0000000786e00000, 0x0000000786e00000, 0x0000000786f00000|  0%| F|  |TAMS 0x0000000786e00000, 0x0000000786e00000| Untracked 
| 111|0x0000000786f00000, 0x0000000786f00000, 0x0000000787000000|  0%| F|  |TAMS 0x0000000786f00000, 0x0000000786f00000| Untracked 
| 112|0x0000000787000000, 0x0000000787000000, 0x0000000787100000|  0%| F|  |TAMS 0x0000000787000000, 0x0000000787000000| Untracked 
| 113|0x0000000787100000, 0x0000000787100000, 0x0000000787200000|  0%| F|  |TAMS 0x0000000787100000, 0x0000000787100000| Untracked 
| 114|0x0000000787200000, 0x0000000787200000, 0x0000000787300000|  0%| F|  |TAMS 0x0000000787200000, 0x0000000787200000| Untracked 
| 115|0x0000000787300000, 0x0000000787300000, 0x0000000787400000|  0%| F|  |TAMS 0x0000000787300000, 0x0000000787300000| Untracked 
| 116|0x0000000787400000, 0x0000000787400000, 0x0000000787500000|  0%| F|  |TAMS 0x0000000787400000, 0x0000000787400000| Untracked 
| 117|0x0000000787500000, 0x0000000787500000, 0x0000000787600000|  0%| F|  |TAMS 0x0000000787500000, 0x0000000787500000| Untracked 
| 118|0x0000000787600000, 0x0000000787600000, 0x0000000787700000|  0%| F|  |TAMS 0x0000000787600000, 0x0000000787600000| Untracked 
| 119|0x0000000787700000, 0x0000000787700000, 0x0000000787800000|  0%| F|  |TAMS 0x0000000787700000, 0x0000000787700000| Untracked 
| 120|0x0000000787800000, 0x0000000787800000, 0x0000000787900000|  0%| F|  |TAMS 0x0000000787800000, 0x0000000787800000| Untracked 
| 121|0x0000000787900000, 0x0000000787900000, 0x0000000787a00000|  0%| F|  |TAMS 0x0000000787900000, 0x0000000787900000| Untracked 
| 122|0x0000000787a00000, 0x0000000787a00000, 0x0000000787b00000|  0%| F|  |TAMS 0x0000000787a00000, 0x0000000787a00000| Untracked 
| 123|0x0000000787b00000, 0x0000000787b00000, 0x0000000787c00000|  0%| F|  |TAMS 0x0000000787b00000, 0x0000000787b00000| Untracked 
| 124|0x0000000787c00000, 0x0000000787c00000, 0x0000000787d00000|  0%| F|  |TAMS 0x0000000787c00000, 0x0000000787c00000| Untracked 
| 125|0x0000000787d00000, 0x0000000787d00000, 0x0000000787e00000|  0%| F|  |TAMS 0x0000000787d00000, 0x0000000787d00000| Untracked 
| 126|0x0000000787e00000, 0x0000000787ee83f0, 0x0000000787f00000| 90%| E|  |TAMS 0x0000000787e00000, 0x0000000787e00000| Complete 
| 127|0x0000000787f00000, 0x0000000788000000, 0x0000000788000000|100%| E|CS|TAMS 0x0000000787f00000, 0x0000000787f00000| Complete 
|1022|0x00000007bfe00000, 0x00000007bfe51000, 0x00000007bff00000| 31%|OA|  |TAMS 0x00000007bfe00000, 0x00000007bfe00000| Untracked 
|1023|0x00000007bff00000, 0x00000007bff79000, 0x00000007c0000000| 47%|CA|  |TAMS 0x00000007bff00000, 0x00000007bff00000| Untracked 

Card table byte_map: [0x000000010f496000,0x000000010f896000] _byte_map_base: 0x000000010b896000

Marking Bits (Prev, Next): (CMBitMap*) 0x00007f89e1008210, (CMBitMap*) 0x00007f89e1008250
 Prev Bits: [0x0000000120769000, 0x0000000122769000)
 Next Bits: [0x0000000122769000, 0x0000000124769000)

Polling page: 0x000000010551e000

Metaspace:

Usage:
  Non-class:      4.39 MB capacity,   573.41 KB ( 13%) used,     3.83 MB ( 87%) free+waste,   768 bytes ( <1%) overhead. 
      Class:    428.00 KB capacity,    43.78 KB ( 10%) used,   383.72 KB ( 90%) free+waste,   512 bytes ( <1%) overhead. 
       Both:      4.81 MB capacity,   617.20 KB ( 13%) used,     4.21 MB ( 87%) free+waste,     1.25 KB ( <1%) overhead. 

Virtual space:
  Non-class space:        8.00 MB reserved,       4.50 MB ( 56%) committed 
      Class space:        1.00 GB reserved,     512.00 KB ( <1%) committed 
             Both:        1.01 GB reserved,       5.00 MB ( <1%) committed 

Chunk freelists:
   Non-Class:  12.00 KB
       Class:  20.00 KB
        Both:  32.00 KB

MaxMetaspaceSize: 17179869184.00 GB
CompressedClassSpaceSize: 1.00 GB

CodeHeap 'non-profiled nmethods': size=120032Kb used=26Kb max_used=26Kb free=120005Kb
 bounds [0x0000000119231000, 0x00000001194a1000, 0x0000000120769000]
CodeHeap 'profiled nmethods': size=120028Kb used=190Kb max_used=190Kb free=119837Kb
 bounds [0x0000000111cfa000, 0x0000000111f6a000, 0x0000000119231000]
CodeHeap 'non-nmethods': size=5700Kb used=1065Kb max_used=1079Kb free=4634Kb
 bounds [0x0000000111769000, 0x00000001119d9000, 0x0000000111cfa000]
 total_blobs=430 nmethods=133 adapters=211
 compilation: enabled
              stopped_count=0, restarted_count=0
 full_count=0

Compilation events (20 events):
Event: 0.210 Thread 0x00007f89df013e00  123       3       java.util.jar.JarFile::getJarEntry (9 bytes)
Event: 0.210 Thread 0x00007f89df013e00 nmethod 123 0x0000000111d22210 code [0x0000000111d22400, 0x0000000111d228d0]
Event: 0.210 Thread 0x00007f89df013e00  124       3       java.util.jar.JarFile::getEntry (35 bytes)
Event: 0.211 Thread 0x00007f89df013e00 nmethod 124 0x0000000111d22a10 code [0x0000000111d22c00, 0x0000000111d23070]
Event: 0.211 Thread 0x00007f89df013e00  127       3       java.lang.StringCoding::hasNegatives (25 bytes)
Event: 0.211 Thread 0x00007f89df013e00 nmethod 127 0x0000000111d23210 code [0x0000000111d233a0, 0x0000000111d235b0]
Event: 0.211 Thread 0x00007f89df013e00  126       3       java.lang.String::<init> (15 bytes)
Event: 0.211 Thread 0x00007f89df013e00 nmethod 126 0x0000000111d23710 code [0x0000000111d238a0, 0x0000000111d23a50]
Event: 0.212 Thread 0x00007f89df013e00  128   !   3       jdk.internal.loader.URLClassPath$JarLoader::getResource (65 bytes)
Event: 0.213 Thread 0x00007f89df013e00 nmethod 128 0x0000000111d23b10 code [0x0000000111d23d60, 0x0000000111d24660]
Event: 0.217 Thread 0x00007f89df013e00  130       3       java.util.concurrent.ConcurrentHashMap::get (162 bytes)
Event: 0.218 Thread 0x00007f89df013e00 nmethod 130 0x0000000111d24990 code [0x0000000111d24bc0, 0x0000000111d25660]
Event: 0.218 Thread 0x00007f89df013e00  131       3       java.lang.String::substring (58 bytes)
Event: 0.218 Thread 0x00007f89df013e00 nmethod 131 0x0000000111d25990 code [0x0000000111d25b80, 0x0000000111d25fe0]
Event: 0.218 Thread 0x00007f89df013e00  133  s!   3       jdk.internal.loader.URLClassPath::getLoader (194 bytes)
Event: 0.220 Thread 0x00007f89df013e00 nmethod 133 0x0000000111d26190 code [0x0000000111d26480, 0x0000000111d27840]
Event: 0.220 Thread 0x00007f89df013e00  132       3       java.lang.String::checkBoundsBeginEnd (63 bytes)
Event: 0.220 Thread 0x00007f89df013e00 nmethod 132 0x0000000111d28010 code [0x0000000111d282a0, 0x0000000111d28b70]
Event: 0.220 Thread 0x00007f89df013e00  129       3       java.lang.CharacterData::of (124 bytes)
Event: 0.220 Thread 0x00007f89df013e00 nmethod 129 0x0000000111d28f10 code [0x0000000111d29100, 0x0000000111d298f0]

GC Heap History (0 events):
No events

Deoptimization events (0 events):
No events

Classes unloaded (0 events):
No events

Classes redefined (0 events):
No events

Internal exceptions (0 events):
No events

Events (20 events):
Event: 0.129 loading class jdk/internal/module/ModulePatcher$PatchedModuleReader done
Event: 0.130 Loaded shared library /Library/Java/JavaVirtualMachines/jdk-15.0.2.jdk/Contents/Home/lib/libjimage.dylib
Event: 0.135 loading class sun/net/www/protocol/jrt/Handler
Event: 0.135 loading class sun/net/www/protocol/jrt/Handler done
Event: 0.137 loading class java/io/UnsupportedEncodingException
Event: 0.137 loading class java/io/IOException
Event: 0.137 loading class java/io/IOException done
Event: 0.137 loading class java/io/UnsupportedEncodingException done
Event: 0.138 loading class java/lang/IllegalStateException
Event: 0.138 loading class java/lang/IllegalStateException done
Event: 0.139 loading class java/beans/PropertyChangeListener
Event: 0.139 loading class java/util/EventListener
Event: 0.139 loading class java/util/EventListener done
Event: 0.139 loading class java/beans/PropertyChangeListener done
Event: 0.140 loading class java/security/cert/X509Certificate
Event: 0.140 loading class java/security/cert/X509Extension
Event: 0.140 loading class java/security/cert/X509Extension done
Event: 0.140 loading class java/security/cert/X509Certificate done
Event: 0.220 loading class java/lang/Class$EnclosingMethodInfo
Event: 0.221 loading class java/lang/Class$EnclosingMethodInfo done


Dynamic libraries:
0x00007fff69551000 	/usr/lib/libz.1.dylib
0x00000001054eb000 	/Library/Java/JavaVirtualMachines/jdk-15.0.2.jdk/Contents/Home/lib/libjli.dylib
0x00007fff2f056000 	/System/Library/Frameworks/Cocoa.framework/Versions/A/Cocoa
0x00007fff3c84d000 	/System/Library/Frameworks/Security.framework/Versions/A/Security
0x00007fff2dfbb000 	/System/Library/Frameworks/ApplicationServices.framework/Versions/A/ApplicationServices
0x00007fff67015000 	/usr/lib/libSystem.B.dylib
0x00007fff69e12000 	/usr/lib/system/libcache.dylib
0x00007fff69e18000 	/usr/lib/system/libcommonCrypto.dylib
0x00007fff69e24000 	/usr/lib/system/libcompiler_rt.dylib
0x00007fff69e2c000 	/usr/lib/system/libcopyfile.dylib
0x00007fff69e36000 	/usr/lib/system/libcorecrypto.dylib
0x00007fff69fd5000 	/usr/lib/system/libdispatch.dylib
0x00007fff6a016000 	/usr/lib/system/libdyld.dylib
0x00007fff6a04d000 	/usr/lib/system/libkeymgr.dylib
0x00007fff6a05b000 	/usr/lib/system/liblaunch.dylib
0x00007fff6a05c000 	/usr/lib/system/libmacho.dylib
0x00007fff6a062000 	/usr/lib/system/libquarantine.dylib
0x00007fff6a065000 	/usr/lib/system/libremovefile.dylib
0x00007fff6a067000 	/usr/lib/system/libsystem_asl.dylib
0x00007fff6a07f000 	/usr/lib/system/libsystem_blocks.dylib
0x00007fff6a080000 	/usr/lib/system/libsystem_c.dylib
0x00007fff6a108000 	/usr/lib/system/libsystem_configuration.dylib
0x00007fff6a10c000 	/usr/lib/system/libsystem_coreservices.dylib
0x00007fff6a110000 	/usr/lib/system/libsystem_darwin.dylib
0x00007fff6a119000 	/usr/lib/system/libsystem_dnssd.dylib
0x00007fff6a121000 	/usr/lib/system/libsystem_featureflags.dylib
0x00007fff6a123000 	/usr/lib/system/libsystem_info.dylib
0x00007fff6a19e000 	/usr/lib/system/libsystem_m.dylib
0x00007fff6a1e6000 	/usr/lib/system/libsystem_malloc.dylib
0x00007fff6a20e000 	/usr/lib/system/libsystem_networkextension.dylib
0x00007fff6a21c000 	/usr/lib/system/libsystem_notify.dylib
0x00007fff6a23a000 	/usr/lib/system/libsystem_sandbox.dylib
0x00007fff6a23f000 	/usr/lib/system/libsystem_secinit.dylib
0x00007fff6a171000 	/usr/lib/system/libsystem_kernel.dylib
0x00007fff6a226000 	/usr/lib/system/libsystem_platform.dylib
0x00007fff6a22f000 	/usr/lib/system/libsystem_pthread.dylib
0x00007fff6a242000 	/usr/lib/system/libsystem_symptoms.dylib
0x00007fff6a24a000 	/usr/lib/system/libsystem_trace.dylib
0x00007fff6a262000 	/usr/lib/system/libunwind.dylib
0x00007fff6a268000 	/usr/lib/system/libxpc.dylib
0x00007fff68e75000 	/usr/lib/libobjc.A.dylib
0x00007fff6734e000 	/usr/lib/libc++abi.dylib
0x00007fff672fb000 	/usr/lib/libc++.1.dylib
0x00007fff2fef8000 	/System/Library/Frameworks/CoreFoundation.framework/Versions/A/CoreFoundation
0x00007fff325b5000 	/System/Library/Frameworks/Foundation.framework/Versions/C/Foundation
0x00007fff2d1ab000 	/System/Library/Frameworks/AppKit.framework/Versions/C/AppKit
0x00007fff2f9da000 	/System/Library/Frameworks/CoreData.framework/Versions/A/CoreData
0x00007fff6102a000 	/System/Library/PrivateFrameworks/UIFoundation.framework/Versions/A/UIFoundation
0x00007fff5c0be000 	/System/Library/PrivateFrameworks/RemoteViewServices.framework/Versions/A/RemoteViewServices
0x00007fff63b85000 	/System/Library/PrivateFrameworks/XCTTargetBootstrap.framework/Versions/A/XCTTargetBootstrap
0x00007fff2fdc5000 	/System/Library/Frameworks/CoreDisplay.framework/Versions/A/CoreDisplay
0x00007fff35470000 	/System/Library/Frameworks/Metal.framework/Versions/A/Metal
0x00007fff4a069000 	/System/Library/PrivateFrameworks/DesktopServicesPriv.framework/Versions/A/DesktopServicesPriv
0x00007fff68150000 	/usr/lib/liblangid.dylib
0x00007fff492fe000 	/System/Library/PrivateFrameworks/CoreSVG.framework/Versions/A/CoreSVG
0x00007fff5f21a000 	/System/Library/PrivateFrameworks/SkyLight.framework/Versions/A/SkyLight
0x00007fff30379000 	/System/Library/Frameworks/CoreGraphics.framework/Versions/A/CoreGraphics
0x00007fff2bb7f000 	/System/Library/Frameworks/Accelerate.framework/Versions/A/Accelerate
0x00007fff69442000 	/usr/lib/libxml2.2.dylib
0x00007fff55007000 	/System/Library/PrivateFrameworks/IconServices.framework/Versions/A/IconServices
0x00007fff32d94000 	/System/Library/Frameworks/IOSurface.framework/Versions/A/IOSurface
0x00007fff66b3f000 	/usr/lib/libDiagnosticMessagesClient.dylib
0x00007fff49ec3000 	/System/Library/PrivateFrameworks/DFRFoundation.framework/Versions/A/DFRFoundation
0x00007fff67edf000 	/usr/lib/libicucore.A.dylib
0x00007fff2e2ed000 	/System/Library/Frameworks/AudioToolbox.framework/Versions/A/AudioToolbox
0x00007fff2e3d0000 	/System/Library/Frameworks/AudioUnit.framework/Versions/A/AudioUnit
0x00007fff67217000 	/usr/lib/libauto.dylib
0x00007fff49f65000 	/System/Library/PrivateFrameworks/DataDetectorsCore.framework/Versions/A/DataDetectorsCore
0x00007fff2eb77000 	/System/Library/Frameworks/Carbon.framework/Versions/A/Frameworks/HIToolbox.framework/Versions/A/HIToolbox
0x00007fff3ba49000 	/System/Library/Frameworks/QuartzCore.framework/Versions/A/QuartzCore
0x00007fff2eeb6000 	/System/Library/Frameworks/Carbon.framework/Versions/A/Frameworks/SpeechRecognition.framework/Versions/A/SpeechRecognition
0x00007fff499d7000 	/System/Library/PrivateFrameworks/CoreUI.framework/Versions/A/CoreUI
0x00007fff2f445000 	/System/Library/Frameworks/CoreAudio.framework/Versions/A/CoreAudio
0x00007fff32274000 	/System/Library/Frameworks/DiskArbitration.framework/Versions/A/DiskArbitration
0x00007fff57099000 	/System/Library/PrivateFrameworks/MultitouchSupport.framework/Versions/A/MultitouchSupport
0x00007fff67da6000 	/usr/lib/libenergytrace.dylib
0x00007fff32cee000 	/System/Library/Frameworks/IOKit.framework/Versions/A/IOKit
0x00007fff312e0000 	/System/Library/Frameworks/CoreServices.framework/Versions/A/CoreServices
0x00007fff59251000 	/System/Library/PrivateFrameworks/PerformanceAnalysis.framework/Versions/A/PerformanceAnalysis
0x00007fff3aa7c000 	/System/Library/Frameworks/OpenGL.framework/Versions/A/OpenGL
0x00007fff2f064000 	/System/Library/Frameworks/ColorSync.framework/Versions/A/ColorSync
0x00007fff309fc000 	/System/Library/Frameworks/CoreImage.framework/Versions/A/CoreImage
0x00007fff31d53000 	/System/Library/Frameworks/CoreText.framework/Versions/A/CoreText
0x00007fff32e24000 	/System/Library/Frameworks/ImageIO.framework/Versions/A/ImageIO
0x00007fff67377000 	/usr/lib/libcompression.dylib
0x00007fff66e83000 	/usr/lib/libMobileGestalt.dylib
0x00007fff60d94000 	/System/Library/PrivateFrameworks/TextureIO.framework/Versions/A/TextureIO
0x00007fff6717a000 	/usr/lib/libate.dylib
0x00007fff55210000 	/System/Library/PrivateFrameworks/InternationalSupport.framework/Versions/A/InternationalSupport
0x00007fff68152000 	/usr/lib/liblzma.5.dylib
0x00007fff67dcd000 	/usr/lib/libfakelink.dylib
0x00007fff67107000 	/usr/lib/libarchive.2.dylib
0x00007fff3d8fe000 	/System/Library/Frameworks/SystemConfiguration.framework/Versions/A/SystemConfiguration
0x00007fff66a72000 	/usr/lib/libCRFSuite.dylib
0x00007fff2e767000 	/System/Library/Frameworks/CFNetwork.framework/Versions/A/CFNetwork
0x00007fff672dd000 	/usr/lib/libbsm.0.dylib
0x00007fff6a04e000 	/usr/lib/system/libkxld.dylib
0x00007fff43840000 	/System/Library/PrivateFrameworks/AppleFSCompression.framework/Versions/A/AppleFSCompression
0x00007fff67668000 	/usr/lib/libcoretls.dylib
0x00007fff6767f000 	/usr/lib/libcoretls_cfhelpers.dylib
0x00007fff68ebb000 	/usr/lib/libpam.2.dylib
0x00007fff68ff0000 	/usr/lib/libsqlite3.dylib
0x00007fff6942f000 	/usr/lib/libxar.1.dylib
0x00007fff672ee000 	/usr/lib/libbz2.1.0.dylib
0x00007fff67dee000 	/usr/lib/libiconv.2.dylib
0x00007fff67364000 	/usr/lib/libcharset.1.dylib
0x00007fff68958000 	/usr/lib/libnetwork.dylib
0x00007fff68ec2000 	/usr/lib/libpcap.A.dylib
0x00007fff670bc000 	/usr/lib/libapple_nghttp2.dylib
0x00007fff31697000 	/System/Library/Frameworks/CoreServices.framework/Versions/A/Frameworks/FSEvents.framework/Versions/A/FSEvents
0x00007fff31367000 	/System/Library/Frameworks/CoreServices.framework/Versions/A/Frameworks/CarbonCore.framework/Versions/A/CarbonCore
0x00007fff318db000 	/System/Library/Frameworks/CoreServices.framework/Versions/A/Frameworks/Metadata.framework/Versions/A/Metadata
0x00007fff31974000 	/System/Library/Frameworks/CoreServices.framework/Versions/A/Frameworks/OSServices.framework/Versions/A/OSServices
0x00007fff319a2000 	/System/Library/Frameworks/CoreServices.framework/Versions/A/Frameworks/SearchKit.framework/Versions/A/SearchKit
0x00007fff312e1000 	/System/Library/Frameworks/CoreServices.framework/Versions/A/Frameworks/AE.framework/Versions/A/AE
0x00007fff316a0000 	/System/Library/Frameworks/CoreServices.framework/Versions/A/Frameworks/LaunchServices.framework/Versions/A/LaunchServices
0x00007fff31649000 	/System/Library/Frameworks/CoreServices.framework/Versions/A/Frameworks/DictionaryServices.framework/Versions/A/DictionaryServices
0x00007fff31a0a000 	/System/Library/Frameworks/CoreServices.framework/Versions/A/Frameworks/SharedFileList.framework/Versions/A/SharedFileList
0x00007fff3689b000 	/System/Library/Frameworks/NetFS.framework/Versions/A/NetFS
0x00007fff575c9000 	/System/Library/PrivateFrameworks/NetAuth.framework/Versions/A/NetAuth
0x00007fff63f52000 	/System/Library/PrivateFrameworks/login.framework/Versions/A/Frameworks/loginsupport.framework/Versions/A/loginsupport
0x00007fff6085f000 	/System/Library/PrivateFrameworks/TCC.framework/Versions/A/TCC
0x00007fff48471000 	/System/Library/PrivateFrameworks/CoreNLP.framework/Versions/A/CoreNLP
0x00007fff56a84000 	/System/Library/PrivateFrameworks/MetadataUtilities.framework/Versions/A/MetadataUtilities
0x00007fff6822a000 	/usr/lib/libmecabra.dylib
0x00007fff68182000 	/usr/lib/libmecab.dylib
0x00007fff67dde000 	/usr/lib/libgermantok.dylib
0x00007fff670a3000 	/usr/lib/libThaiTokenizer.dylib
0x00007fff66aa9000 	/usr/lib/libChineseTokenizer.dylib
0x00007fff2bb97000 	/System/Library/Frameworks/Accelerate.framework/Versions/A/Frameworks/vImage.framework/Versions/A/vImage
0x00007fff2d001000 	/System/Library/Frameworks/Accelerate.framework/Versions/A/Frameworks/vecLib.framework/Versions/A/vecLib
0x00007fff2cf3e000 	/System/Library/Frameworks/Accelerate.framework/Versions/A/Frameworks/vecLib.framework/Versions/A/libvMisc.dylib
0x00007fff2cd66000 	/System/Library/Frameworks/Accelerate.framework/Versions/A/Frameworks/vecLib.framework/Versions/A/libvDSP.dylib
0x00007fff2c1ee000 	/System/Library/Frameworks/Accelerate.framework/Versions/A/Frameworks/vecLib.framework/Versions/A/libBLAS.dylib
0x00007fff2c92a000 	/System/Library/Frameworks/Accelerate.framework/Versions/A/Frameworks/vecLib.framework/Versions/A/libLAPACK.dylib
0x00007fff2ccc6000 	/System/Library/Frameworks/Accelerate.framework/Versions/A/Frameworks/vecLib.framework/Versions/A/libLinearAlgebra.dylib
0x00007fff2cd53000 	/System/Library/Frameworks/Accelerate.framework/Versions/A/Frameworks/vecLib.framework/Versions/A/libSparseBLAS.dylib
0x00007fff2ccdc000 	/System/Library/Frameworks/Accelerate.framework/Versions/A/Frameworks/vecLib.framework/Versions/A/libQuadrature.dylib
0x00007fff2c456000 	/System/Library/Frameworks/Accelerate.framework/Versions/A/Frameworks/vecLib.framework/Versions/A/libBNNS.dylib
0x00007fff2cce2000 	/System/Library/Frameworks/Accelerate.framework/Versions/A/Frameworks/vecLib.framework/Versions/A/libSparse.dylib
0x00007fff555f8000 	/System/Library/PrivateFrameworks/LanguageModeling.framework/Versions/A/LanguageModeling
0x00007fff47e21000 	/System/Library/PrivateFrameworks/CoreEmoji.framework/Versions/A/CoreEmoji
0x00007fff55716000 	/System/Library/PrivateFrameworks/LinguisticData.framework/Versions/A/LinguisticData
0x00007fff556c7000 	/System/Library/PrivateFrameworks/Lexicon.framework/Versions/A/Lexicon
0x00007fff67365000 	/usr/lib/libcmph.dylib
0x00007fff3948a000 	/System/Library/Frameworks/OpenDirectory.framework/Versions/A/Frameworks/CFOpenDirectory.framework/Versions/A/CFOpenDirectory
0x00007fff394a7000 	/System/Library/Frameworks/OpenDirectory.framework/Versions/A/OpenDirectory
0x00007fff418e8000 	/System/Library/PrivateFrameworks/APFS.framework/Versions/A/APFS
0x00007fff3cb97000 	/System/Library/Frameworks/SecurityFoundation.framework/Versions/A/SecurityFoundation
0x00007fff6942b000 	/usr/lib/libutil.dylib
0x00007fff49356000 	/System/Library/PrivateFrameworks/CoreServicesStore.framework/Versions/A/CoreServicesStore
0x00007fff3cc4e000 	/System/Library/Frameworks/ServiceManagement.framework/Versions/A/ServiceManagement
0x00007fff45010000 	/System/Library/PrivateFrameworks/BackgroundTaskManagement.framework/Versions/A/BackgroundTaskManagement
0x00007fff69528000 	/usr/lib/libxslt.1.dylib
0x00007fff43eb3000 	/System/Library/PrivateFrameworks/AppleSystemInfo.framework/Versions/A/AppleSystemInfo
0x00007fff3303f000 	/System/Library/Frameworks/ImageIO.framework/Versions/A/Resources/libJPEG.dylib
0x00007fff332fe000 	/System/Library/Frameworks/ImageIO.framework/Versions/A/Resources/libTIFF.dylib
0x00007fff332e1000 	/System/Library/Frameworks/ImageIO.framework/Versions/A/Resources/libPng.dylib
0x00007fff32f81000 	/System/Library/Frameworks/ImageIO.framework/Versions/A/Resources/libGIF.dylib
0x00007fff32f85000 	/System/Library/Frameworks/ImageIO.framework/Versions/A/Resources/libJP2.dylib
0x00007fff332fc000 	/System/Library/Frameworks/ImageIO.framework/Versions/A/Resources/libRadiance.dylib
0x00007fff67da7000 	/usr/lib/libexpat.1.dylib
0x00007fff4399b000 	/System/Library/PrivateFrameworks/AppleJPEG.framework/Versions/A/AppleJPEG
0x00007fff4c66c000 	/System/Library/PrivateFrameworks/FontServices.framework/libFontParser.dylib
0x00007fff62f54000 	/System/Library/PrivateFrameworks/WatchdogClient.framework/Versions/A/WatchdogClient
0x00007fff54c53000 	/System/Library/PrivateFrameworks/IOAccelerator.framework/Versions/A/IOAccelerator
0x00007fff3580b000 	/System/Library/Frameworks/MetalPerformanceShaders.framework/Versions/A/MetalPerformanceShaders
0x00007fff513e9000 	/System/Library/PrivateFrameworks/GPUWrangler.framework/Versions/A/GPUWrangler
0x00007fff54c68000 	/System/Library/PrivateFrameworks/IOPresentment.framework/Versions/A/IOPresentment
0x00007fff49ed6000 	/System/Library/PrivateFrameworks/DSExternalDisplay.framework/Versions/A/DSExternalDisplay
0x00007fff39e1b000 	/System/Library/Frameworks/OpenGL.framework/Versions/A/Libraries/libCoreFSCache.dylib
0x00007fff35557000 	/System/Library/Frameworks/MetalPerformanceShaders.framework/Frameworks/MPSCore.framework/Versions/A/MPSCore
0x00007fff35595000 	/System/Library/Frameworks/MetalPerformanceShaders.framework/Frameworks/MPSImage.framework/Versions/A/MPSImage
0x00007fff3565c000 	/System/Library/Frameworks/MetalPerformanceShaders.framework/Frameworks/MPSNeuralNetwork.framework/Versions/A/MPSNeuralNetwork
0x00007fff35620000 	/System/Library/Frameworks/MetalPerformanceShaders.framework/Frameworks/MPSMatrix.framework/Versions/A/MPSMatrix
0x00007fff357bb000 	/System/Library/Frameworks/MetalPerformanceShaders.framework/Frameworks/MPSRayIntersector.framework/Versions/A/MPSRayIntersector
0x00007fff35646000 	/System/Library/Frameworks/MetalPerformanceShaders.framework/Frameworks/MPSNDArray.framework/Versions/A/MPSNDArray
0x00007fff56ad1000 	/System/Library/PrivateFrameworks/MetalTools.framework/Versions/A/MetalTools
0x00007fff42ac2000 	/System/Library/PrivateFrameworks/AggregateDictionary.framework/Versions/A/AggregateDictionary
0x00007fff47869000 	/System/Library/PrivateFrameworks/CoreAnalytics.framework/Versions/A/CoreAnalytics
0x00007fff43dd2000 	/System/Library/PrivateFrameworks/AppleSauce.framework/Versions/A/AppleSauce
0x00007fff66d65000 	/usr/lib/libIOReport.dylib
0x00007fff31f0b000 	/System/Library/Frameworks/CoreVideo.framework/Versions/A/CoreVideo
0x00007fff52862000 	/System/Library/PrivateFrameworks/GraphVisualizer.framework/Versions/A/GraphVisualizer
0x00007fff4bbb2000 	/System/Library/PrivateFrameworks/FaceCore.framework/Versions/A/FaceCore
0x00007fff39431000 	/System/Library/Frameworks/OpenCL.framework/Versions/A/OpenCL
0x00007fff66b87000 	/usr/lib/libFosl_dynamic.dylib
0x00007fff57fe9000 	/System/Library/PrivateFrameworks/OTSVG.framework/Versions/A/OTSVG
0x00007fff2e0c0000 	/System/Library/Frameworks/ApplicationServices.framework/Versions/A/Frameworks/ATS.framework/Versions/A/Resources/libFontRegistry.dylib
0x00007fff4c83d000 	/System/Library/PrivateFrameworks/FontServices.framework/libhvf.dylib
0x00007fff39e26000 	/System/Library/Frameworks/OpenGL.framework/Versions/A/Libraries/libGFXShared.dylib
0x00007fff3a004000 	/System/Library/Frameworks/OpenGL.framework/Versions/A/Libraries/libGLU.dylib
0x00007fff39e2f000 	/System/Library/Frameworks/OpenGL.framework/Versions/A/Libraries/libGL.dylib
0x00007fff39e3a000 	/System/Library/Frameworks/OpenGL.framework/Versions/A/Libraries/libGLImage.dylib
0x00007fff39e18000 	/System/Library/Frameworks/OpenGL.framework/Versions/A/Libraries/libCVMSPluginSupport.dylib
0x00007fff39e21000 	/System/Library/Frameworks/OpenGL.framework/Versions/A/Libraries/libCoreVMClient.dylib
0x00007fff687f9000 	/usr/lib/libncurses.5.4.dylib
0x00007fff2dfbc000 	/System/Library/Frameworks/ApplicationServices.framework/Versions/A/Frameworks/ATS.framework/Versions/A/ATS
0x00007fff2e189000 	/System/Library/Frameworks/ApplicationServices.framework/Versions/A/Frameworks/ColorSyncLegacy.framework/Versions/A/ColorSyncLegacy
0x00007fff2e227000 	/System/Library/Frameworks/ApplicationServices.framework/Versions/A/Frameworks/HIServices.framework/Versions/A/HIServices
0x00007fff2e27f000 	/System/Library/Frameworks/ApplicationServices.framework/Versions/A/Frameworks/LangAnalysis.framework/Versions/A/LangAnalysis
0x00007fff2e28e000 	/System/Library/Frameworks/ApplicationServices.framework/Versions/A/Frameworks/PrintCore.framework/Versions/A/PrintCore
0x00007fff2e2d4000 	/System/Library/Frameworks/ApplicationServices.framework/Versions/A/Frameworks/QD.framework/Versions/A/QD
0x00007fff2e2df000 	/System/Library/Frameworks/ApplicationServices.framework/Versions/A/Frameworks/SpeechSynthesis.framework/Versions/A/SpeechSynthesis
0x00007fff2e159000 	/System/Library/Frameworks/ApplicationServices.framework/Versions/A/Frameworks/ATSUI.framework/Versions/A/ATSUI
0x00007fff67c3d000 	/usr/lib/libcups.2.dylib
0x00007fff348a6000 	/System/Library/Frameworks/Kerberos.framework/Versions/A/Kerberos
0x00007fff329e7000 	/System/Library/Frameworks/GSS.framework/Versions/A/GSS
0x00007fff68f7c000 	/usr/lib/libresolv.9.dylib
0x00007fff52a0f000 	/System/Library/PrivateFrameworks/Heimdal.framework/Versions/A/Heimdal
0x00007fff348b9000 	/System/Library/Frameworks/Kerberos.framework/Versions/A/Libraries/libHeimdalProxy.dylib
0x00007fff67de4000 	/usr/lib/libheimdal-asn1.dylib
0x00007fff46d01000 	/System/Library/PrivateFrameworks/CommonAuth.framework/Versions/A/CommonAuth
0x00007fff43f50000 	/System/Library/PrivateFrameworks/AssertionServices.framework/Versions/A/AssertionServices
0x00007fff44af3000 	/System/Library/PrivateFrameworks/AudioToolboxCore.framework/Versions/A/AudioToolboxCore
0x00007fff63c02000 	/System/Library/PrivateFrameworks/caulk.framework/Versions/A/caulk
0x00007fff450bc000 	/System/Library/PrivateFrameworks/BaseBoard.framework/Versions/A/BaseBoard
0x00007fff5c24c000 	/System/Library/PrivateFrameworks/RunningBoardServices.framework/Versions/A/RunningBoardServices
0x00007fff5925d000 	/System/Library/PrivateFrameworks/PersistentConnection.framework/Versions/A/PersistentConnection
0x00007fff5bc45000 	/System/Library/PrivateFrameworks/ProtocolBuffer.framework/Versions/A/ProtocolBuffer
0x00007fff46d25000 	/System/Library/PrivateFrameworks/CommonUtilities.framework/Versions/A/CommonUtilities
0x00007fff4524a000 	/System/Library/PrivateFrameworks/Bom.framework/Versions/A/Bom
0x00007fff66a38000 	/usr/lib/libAudioToolboxUtility.dylib
0x00007fff4501a000 	/System/Library/PrivateFrameworks/Backup.framework/Versions/A/Backup
0x00007fff49df7000 	/System/Library/PrivateFrameworks/CrashReporterSupport.framework/Versions/A/CrashReporterSupport
0x00007fff5dcde000 	/System/Library/PrivateFrameworks/Sharing.framework/Versions/A/Sharing
0x00007fff4355e000 	/System/Library/PrivateFrameworks/Apple80211.framework/Versions/A/Apple80211
0x00007fff44d37000 	/System/Library/PrivateFrameworks/AuthKit.framework/Versions/A/AuthKit
0x00007fff49b04000 	/System/Library/PrivateFrameworks/CoreUtils.framework/Versions/A/CoreUtils
0x00007fff31f50000 	/System/Library/Frameworks/CoreWLAN.framework/Versions/A/CoreWLAN
0x00007fff32b74000 	/System/Library/Frameworks/IOBluetooth.framework/Versions/A/IOBluetooth
0x00007fff56e18000 	/System/Library/PrivateFrameworks/MobileKeyBag.framework/Versions/A/MobileKeyBag
0x00007fff48909000 	/System/Library/PrivateFrameworks/CorePhoneNumbers.framework/Versions/A/CorePhoneNumbers
0x00007fff4394e000 	/System/Library/PrivateFrameworks/AppleIDAuthSupport.framework/Versions/A/AppleIDAuthSupport
0x00007fff368a8000 	/System/Library/Frameworks/Network.framework/Versions/A/Network
0x00007fff554a4000 	/System/Library/PrivateFrameworks/KeychainCircle.framework/Versions/A/KeychainCircle
0x00007fff2f9a1000 	/System/Library/Frameworks/CoreBluetooth.framework/Versions/A/CoreBluetooth
0x00007fff5fd5d000 	/System/Library/PrivateFrameworks/SpeechRecognitionCore.framework/Versions/A/SpeechRecognitionCore
0x00007fff22fc3000 	/System/Library/CoreServices/Encodings/libSimplifiedChineseConverter.dylib
0x0000000105e00000 	/Library/Java/JavaVirtualMachines/jdk-15.0.2.jdk/Contents/Home/lib/server/libjvm.dylib
0x0000000105512000 	/Library/Java/JavaVirtualMachines/jdk-15.0.2.jdk/Contents/Home/lib/libjimage.dylib
0x0000000105568000 	/Library/Java/JavaVirtualMachines/jdk-15.0.2.jdk/Contents/Home/lib/libjava.dylib
0x0000000110498000 	/Library/Java/JavaVirtualMachines/jdk-15.0.2.jdk/Contents/Home/lib/libnio.dylib
0x00000001104ac000 	/Library/Java/JavaVirtualMachines/jdk-15.0.2.jdk/Contents/Home/lib/libnet.dylib
0x00000001104c5000 	/Library/Java/JavaVirtualMachines/jdk-15.0.2.jdk/Contents/Home/lib/libzip.dylib


VM Arguments:
jvm_args: -Dfile.encoding=UTF-8 
java_command: org.apache.catalina.startup.Tomcat$1
java_class_path (initial): /Users/chenyandeng/eclipse-workspace/bookstore/build/classes:/Users/chenyandeng/Downloads/apache-tomcat-8.5.63/lib/tomcat-i18n-ko.jar:/Users/chenyandeng/Downloads/apache-tomcat-8.5.63/lib/el-api.jar:/Users/chenyandeng/Downloads/apache-tomcat-8.5.63/lib/tomcat-i18n-es.jar:/Users/chenyandeng/Downloads/apache-tomcat-8.5.63/lib/tomcat-websocket.jar:/Users/chenyandeng/Downloads/apache-tomcat-8.5.63/lib/jasper.jar:/Users/chenyandeng/Downloads/apache-tomcat-8.5.63/lib/jasper-el.jar:/Users/chenyandeng/Downloads/apache-tomcat-8.5.63/lib/tomcat-util.jar:/Users/chenyandeng/Downloads/apache-tomcat-8.5.63/lib/tomcat-i18n-de.jar:/Users/chenyandeng/Downloads/apache-tomcat-8.5.63/lib/catalina-storeconfig.jar:/Users/chenyandeng/Downloads/apache-tomcat-8.5.63/lib/jsp-api.jar:/Users/chenyandeng/Downloads/apache-tomcat-8.5.63/lib/catalina-tribes.jar:/Users/chenyandeng/Downloads/apache-tomcat-8.5.63/lib/catalina.jar:/Users/chenyandeng/Downloads/apache-tomcat-8.5.63/lib/tomcat-jni.jar:/Users/chenyandeng/Downloads/apache-tomcat-8.5.63/lib/websocket-api.jar:/Users/chenyandeng/Downloads/apache-tomcat-8.5.63/lib/tomcat-coyote.jar:/Users/chenyandeng/Downloads/apache-tomcat-8.5.63/lib/catalina-ha.jar:/Users/chenyandeng/Downloads/apache-tomcat-8.5.63/lib/tomcat-api.jar:/Users/chenyandeng/Downloads/apache-tomcat-8.5.63/lib/annotations-api.jar:/Users/chenyandeng/Downloads/apache-tomcat-8.5.63/lib/jaspic-api.jar:/Users/chenyandeng/Downloads/apache-tomcat-8.5.63/lib/tomcat-i18n-zh-CN.jar:/Users/chenyandeng/Downloads/apache-tomcat-8.5.63/lib/catalina-ant.jar:/Users/chenyandeng/Downloads/apache-tomcat-8.5.63/lib/ecj-4.6.3.jar:/Users/chenyandeng/Downloads/apache-tomcat-8.5.63/lib/servlet-api.jar:/Users/chenyandeng/Downloads/apache-tomcat-8.5.63/lib/tomcat-util-scan.jar:/Users/chenyandeng/Downloads/apache-tomcat-8.5.63/lib/tomcat-i18n-ja.jar:/Users/chenyandeng/Downloads/apache-tomcat-8.5.63/lib/tomcat-i18n-ru.jar:/Users/chenyandeng/Downloads/apache-tomcat-8.5.63/lib/tomcat-
Launcher Type: SUN_STANDARD

[Global flags]
     intx CICompilerCount                          = 3                                         {product} {ergonomic}
     uint ConcGCThreads                            = 1                                         {product} {ergonomic}
     uint G1ConcRefinementThreads                  = 4                                         {product} {ergonomic}
   size_t G1HeapRegionSize                         = 1048576                                   {product} {ergonomic}
    uintx GCDrainStackTargetSize                   = 64                                        {product} {ergonomic}
   size_t InitialHeapSize                          = 134217728                                 {product} {ergonomic}
   size_t MarkStackSize                            = 4194304                                   {product} {ergonomic}
   size_t MaxHeapSize                              = 2147483648                                {product} {ergonomic}
   size_t MaxNewSize                               = 1287651328                                {product} {ergonomic}
   size_t MinHeapDeltaBytes                        = 1048576                                   {product} {ergonomic}
   size_t MinHeapSize                              = 8388608                                   {product} {ergonomic}
    uintx NonNMethodCodeHeapSize                   = 5832780                                {pd product} {ergonomic}
    uintx NonProfiledCodeHeapSize                  = 122912730                              {pd product} {ergonomic}
    uintx ProfiledCodeHeapSize                     = 122912730                              {pd product} {ergonomic}
    uintx ReservedCodeCacheSize                    = 251658240                              {pd product} {ergonomic}
     bool SegmentedCodeCache                       = true                                      {product} {ergonomic}
   size_t SoftMaxHeapSize                          = 2147483648                             {manageable} {ergonomic}
     bool UseCompressedClassPointers               = true                                 {lp64_product} {ergonomic}
     bool UseCompressedOops                        = true                                 {lp64_product} {ergonomic}
     bool UseG1GC                                  = true                                      {product} {ergonomic}
     bool UseNUMA                                  = false                                     {product} {ergonomic}
     bool UseNUMAInterleaving                      = false                                     {product} {ergonomic}

Logging:
Log output configuration:
 #0: stdout all=warning uptime,level,tags
 #1: stderr all=off uptime,level,tags

Environment Variables:
PATH=/usr/bin:/bin:/usr/sbin:/sbin
SHELL=/bin/zsh

Signal Handlers:
SIGSEGV: [libjvm.dylib+0x9ff2f0], sa_mask[0]=11111111011111110111111111111111, sa_flags=SA_ONSTACK|SA_RESTART|SA_SIGINFO
SIGBUS: [libjvm.dylib+0x9ff2f0], sa_mask[0]=11111111011111110111111111111111, sa_flags=SA_RESTART|SA_SIGINFO
SIGFPE: [libjvm.dylib+0x9ff2f0], sa_mask[0]=11111111011111110111111111111111, sa_flags=SA_RESTART|SA_SIGINFO
SIGPIPE: [libjvm.dylib+0x82ae30], sa_mask[0]=11111111011111110111111111111111, sa_flags=SA_RESTART|SA_SIGINFO
SIGXFSZ: [libjvm.dylib+0x82ae30], sa_mask[0]=11111111011111110111111111111111, sa_flags=SA_RESTART|SA_SIGINFO
SIGILL: [libjvm.dylib+0x9ff2f0], sa_mask[0]=11111111011111110111111111111111, sa_flags=SA_RESTART|SA_SIGINFO
SIGUSR2: [libjvm.dylib+0x82b940], sa_mask[0]=00100000000000000000000000000000, sa_flags=SA_RESTART|SA_SIGINFO
SIGHUP: [libjvm.dylib+0x82a040], sa_mask[0]=11111111011111110111111111111111, sa_flags=SA_RESTART|SA_SIGINFO
SIGINT: [libjvm.dylib+0x82a040], sa_mask[0]=11111111011111110111111111111111, sa_flags=SA_RESTART|SA_SIGINFO
SIGTERM: [libjvm.dylib+0x82a040], sa_mask[0]=11111111011111110111111111111111, sa_flags=SA_RESTART|SA_SIGINFO
SIGQUIT: [libjvm.dylib+0x82a040], sa_mask[0]=11111111011111110111111111111111, sa_flags=SA_RESTART|SA_SIGINFO


---------------  S Y S T E M  ---------------

OS:uname: Darwin 19.6.0 Darwin Kernel Version 19.6.0: Thu Oct 29 22:56:45 PDT 2020; root:xnu-6153.141.2.2~1/RELEASE_X86_64 x86_64
OS uptime: 3 days 4:09 hours
rlimit (soft/hard): STACK 8192k/65532k , CORE 0k/infinity , NPROC 1392/2088 , NOFILE 10240/infinity , AS infinity/infinity , CPU infinity/infinity , DATA infinity/infinity , FSIZE infinity/infinity , MEMLOCK infinity/infinity , RSS infinity/infinity
load average: 3.20 3.35 3.55

CPU: total 4 (initial active 4) (2 cores per cpu, 2 threads per core) family 6 model 142 stepping 9 microcode 0xd6, cmov, cx8, fxsr, mmx, sse, sse2, sse3, ssse3, sse4.1, sse4.2, popcnt, vzeroupper, avx, avx2, aes, clmul, erms, 3dnowpref, lzcnt, ht, tsc, tscinvbit, bmi1, bmi2, adx, fma, clflush, clflushopt

Memory: 4k page, physical 8388608k(144008k free), swap 2097152k(1554688k free)

vm_info: Java HotSpot(TM) 64-Bit Server VM (15.0.2+7-27) for bsd-amd64 JRE (15.0.2+7-27), built on Dec  7 2020 20:08:32 by "mach5one" with clang 4.2.1 Compatible Apple LLVM 10.0.0 (clang-1000.11.45.5)

END.
